[2021-01-04 13:54:27.280] [exthost] [info] extension host started
[2021-01-04 13:54:27.299] [exthost] [info] ExtensionService#_doActivateExtension vscode.microsoft-authentication {"startup":false,"extensionId":{"value":"vscode.microsoft-authentication","_lower":"vscode.microsoft-authentication"},"activationEvent":"onAuthenticationRequest:microsoft"}
[2021-01-04 13:54:27.300] [exthost] [info] ExtensionService#loadCommonJSModule file:///nix/store/xj5n9h567aq8mfin5xa41rccldmdy332-vscode-1.51.1/lib/vscode/resources/app/extensions/microsoft-authentication/dist/extension.js
[2021-01-04 13:54:27.314] [exthost] [info] ExtensionService#_doActivateExtension vscode.debug-auto-launch {"startup":true,"extensionId":{"value":"vscode.debug-auto-launch","_lower":"vscode.debug-auto-launch"},"activationEvent":"*"}
[2021-01-04 13:54:27.314] [exthost] [info] ExtensionService#loadCommonJSModule file:///nix/store/xj5n9h567aq8mfin5xa41rccldmdy332-vscode-1.51.1/lib/vscode/resources/app/extensions/debug-auto-launch/dist/extension
[2021-01-04 13:54:27.317] [exthost] [info] ExtensionService#_doActivateExtension vscode.emmet {"startup":true,"extensionId":{"value":"vscode.emmet","_lower":"vscode.emmet"},"activationEvent":"*"}
[2021-01-04 13:54:27.317] [exthost] [info] ExtensionService#loadCommonJSModule file:///nix/store/xj5n9h567aq8mfin5xa41rccldmdy332-vscode-1.51.1/lib/vscode/resources/app/extensions/emmet/dist/node/emmetNodeMain
[2021-01-04 13:54:27.340] [exthost] [info] ExtensionService#_doActivateExtension vscode.git {"startup":true,"extensionId":{"value":"vscode.github","_lower":"vscode.github"},"activationEvent":"*"}
[2021-01-04 13:54:27.340] [exthost] [info] ExtensionService#loadCommonJSModule file:///nix/store/xj5n9h567aq8mfin5xa41rccldmdy332-vscode-1.51.1/lib/vscode/resources/app/extensions/git/dist/main
[2021-01-04 13:54:27.376] [exthost] [info] ExtensionService#_doActivateExtension vscode.merge-conflict {"startup":true,"extensionId":{"value":"vscode.merge-conflict","_lower":"vscode.merge-conflict"},"activationEvent":"*"}
[2021-01-04 13:54:27.376] [exthost] [info] ExtensionService#loadCommonJSModule file:///nix/store/xj5n9h567aq8mfin5xa41rccldmdy332-vscode-1.51.1/lib/vscode/resources/app/extensions/merge-conflict/dist/mergeConflictMain
[2021-01-04 13:54:27.380] [exthost] [info] ExtensionService#_doActivateExtension vscode.search-result {"startup":true,"extensionId":{"value":"vscode.search-result","_lower":"vscode.search-result"},"activationEvent":"*"}
[2021-01-04 13:54:27.380] [exthost] [info] ExtensionService#loadCommonJSModule file:///nix/store/xj5n9h567aq8mfin5xa41rccldmdy332-vscode-1.51.1/lib/vscode/resources/app/extensions/search-result/dist/extension.js
[2021-01-04 13:54:27.421] [exthost] [info] ExtensionService#_doActivateExtension vscode.github {"startup":true,"extensionId":{"value":"vscode.github","_lower":"vscode.github"},"activationEvent":"*"}
[2021-01-04 13:54:27.421] [exthost] [info] ExtensionService#loadCommonJSModule file:///nix/store/xj5n9h567aq8mfin5xa41rccldmdy332-vscode-1.51.1/lib/vscode/resources/app/extensions/github/dist/extension.js
[2021-01-04 13:54:27.449] [exthost] [info] eager extensions activated
[2021-01-04 13:54:27.449] [exthost] [info] ExtensionService#_doActivateExtension ms-vscode.js-debug {"startup":false,"extensionId":{"value":"ms-vscode.js-debug","_lower":"ms-vscode.js-debug"},"activationEvent":"onCommand:extension.js-debug.clearAutoAttachVariables"}
[2021-01-04 13:54:27.450] [exthost] [info] ExtensionService#loadCommonJSModule file:///nix/store/xj5n9h567aq8mfin5xa41rccldmdy332-vscode-1.51.1/lib/vscode/resources/app/extensions/ms-vscode.js-debug/src/extension.js
[2021-01-04 13:54:27.593] [exthost] [info] ExtensionService#_doActivateExtension vscode.github-authentication {"startup":false,"extensionId":{"value":"vscode.github-authentication","_lower":"vscode.github-authentication"},"activationEvent":"onAuthenticationRequest:github"}
[2021-01-04 13:54:27.593] [exthost] [info] ExtensionService#loadCommonJSModule file:///nix/store/xj5n9h567aq8mfin5xa41rccldmdy332-vscode-1.51.1/lib/vscode/resources/app/extensions/github-authentication/dist/extension.js
[2021-01-04 13:54:38.516] [exthost] [info] ExtensionService#_doActivateExtension ms-vscode.cpptools {"startup":false,"extensionId":{"value":"ms-vscode.cpptools","_lower":"ms-vscode.cpptools"},"activationEvent":"*"}
[2021-01-04 13:54:38.516] [exthost] [info] ExtensionService#loadCommonJSModule file:///home/batman/.vscode/extensions/ms-vscode.cpptools-1.1.3/dist/main
[2021-01-04 13:55:02.696] [exthost] [info] ExtensionService#_doActivateExtension vscode.configuration-editing {"startup":false,"extensionId":{"value":"vscode.configuration-editing","_lower":"vscode.configuration-editing"},"activationEvent":"onLanguage:json"}
[2021-01-04 13:55:02.697] [exthost] [info] ExtensionService#loadCommonJSModule file:///nix/store/xj5n9h567aq8mfin5xa41rccldmdy332-vscode-1.51.1/lib/vscode/resources/app/extensions/configuration-editing/dist/configurationEditingMain
[2021-01-04 13:55:02.709] [exthost] [info] ExtensionService#_doActivateExtension vscode.extension-editing {"startup":false,"extensionId":{"value":"vscode.extension-editing","_lower":"vscode.extension-editing"},"activationEvent":"onLanguage:json"}
[2021-01-04 13:55:02.709] [exthost] [info] ExtensionService#loadCommonJSModule file:///nix/store/xj5n9h567aq8mfin5xa41rccldmdy332-vscode-1.51.1/lib/vscode/resources/app/extensions/extension-editing/dist/extensionEditingMain
[2021-01-04 13:55:02.724] [exthost] [info] ExtensionService#_doActivateExtension vscode.json-language-features {"startup":false,"extensionId":{"value":"vscode.json-language-features","_lower":"vscode.json-language-features"},"activationEvent":"onLanguage:json"}
[2021-01-04 13:55:02.724] [exthost] [info] ExtensionService#loadCommonJSModule file:///nix/store/xj5n9h567aq8mfin5xa41rccldmdy332-vscode-1.51.1/lib/vscode/resources/app/extensions/json-language-features/client/dist/node/jsonClientMain
[2021-01-04 13:55:02.755] [exthost] [info] ExtensionService#_doActivateExtension vscode.npm {"startup":false,"extensionId":{"value":"vscode.npm","_lower":"vscode.npm"},"activationEvent":"onLanguage:json"}
[2021-01-04 13:55:02.756] [exthost] [info] ExtensionService#loadCommonJSModule file:///nix/store/xj5n9h567aq8mfin5xa41rccldmdy332-vscode-1.51.1/lib/vscode/resources/app/extensions/npm/dist/npmMain
[2021-01-04 13:55:02.964] [exthost] [info] ExtensionService#_doActivateExtension vscodevim.vim {"startup":false,"extensionId":{"value":"vscodevim.vim","_lower":"vscodevim.vim"},"activationEvent":"*"}
[2021-01-04 13:55:02.964] [exthost] [info] ExtensionService#loadCommonJSModule file:///home/batman/.vscode/extensions/vscodevim.vim-1.18.5/out/extension
[2021-01-04 13:55:11.019] [exthost] [info] ExtensionService#_doActivateExtension vscode.typescript-language-features {"startup":false,"extensionId":{"value":"vscode.typescript-language-features","_lower":"vscode.typescript-language-features"},"activationEvent":"onLanguage:jsonc"}
[2021-01-04 13:55:11.019] [exthost] [info] ExtensionService#loadCommonJSModule file:///nix/store/xj5n9h567aq8mfin5xa41rccldmdy332-vscode-1.51.1/lib/vscode/resources/app/extensions/typescript-language-features/dist/extension
[2021-01-04 13:55:19.856] [exthost] [info] extension host started
[2021-01-04 13:55:19.870] [exthost] [info] ExtensionService#_doActivateExtension vscode.microsoft-authentication {"startup":false,"extensionId":{"value":"vscode.microsoft-authentication","_lower":"vscode.microsoft-authentication"},"activationEvent":"onAuthenticationRequest:microsoft"}
[2021-01-04 13:55:19.870] [exthost] [info] ExtensionService#loadCommonJSModule file:///nix/store/xj5n9h567aq8mfin5xa41rccldmdy332-vscode-1.51.1/lib/vscode/resources/app/extensions/microsoft-authentication/dist/extension.js
[2021-01-04 13:55:19.882] [exthost] [info] ExtensionService#_doActivateExtension vscode.debug-auto-launch {"startup":true,"extensionId":{"value":"vscode.debug-auto-launch","_lower":"vscode.debug-auto-launch"},"activationEvent":"*"}
[2021-01-04 13:55:19.882] [exthost] [info] ExtensionService#loadCommonJSModule file:///nix/store/xj5n9h567aq8mfin5xa41rccldmdy332-vscode-1.51.1/lib/vscode/resources/app/extensions/debug-auto-launch/dist/extension
[2021-01-04 13:55:19.884] [exthost] [info] ExtensionService#_doActivateExtension vscode.emmet {"startup":true,"extensionId":{"value":"vscode.emmet","_lower":"vscode.emmet"},"activationEvent":"*"}
[2021-01-04 13:55:19.884] [exthost] [info] ExtensionService#loadCommonJSModule file:///nix/store/xj5n9h567aq8mfin5xa41rccldmdy332-vscode-1.51.1/lib/vscode/resources/app/extensions/emmet/dist/node/emmetNodeMain
[2021-01-04 13:55:19.892] [exthost] [info] ExtensionService#_doActivateExtension vscode.git {"startup":true,"extensionId":{"value":"vscode.github","_lower":"vscode.github"},"activationEvent":"*"}
[2021-01-04 13:55:19.892] [exthost] [info] ExtensionService#loadCommonJSModule file:///nix/store/xj5n9h567aq8mfin5xa41rccldmdy332-vscode-1.51.1/lib/vscode/resources/app/extensions/git/dist/main
[2021-01-04 13:55:19.924] [exthost] [info] ExtensionService#_doActivateExtension vscode.merge-conflict {"startup":true,"extensionId":{"value":"vscode.merge-conflict","_lower":"vscode.merge-conflict"},"activationEvent":"*"}
[2021-01-04 13:55:19.924] [exthost] [info] ExtensionService#loadCommonJSModule file:///nix/store/xj5n9h567aq8mfin5xa41rccldmdy332-vscode-1.51.1/lib/vscode/resources/app/extensions/merge-conflict/dist/mergeConflictMain
[2021-01-04 13:55:19.925] [exthost] [info] ExtensionService#_doActivateExtension vscode.search-result {"startup":true,"extensionId":{"value":"vscode.search-result","_lower":"vscode.search-result"},"activationEvent":"*"}
[2021-01-04 13:55:19.926] [exthost] [info] ExtensionService#loadCommonJSModule file:///nix/store/xj5n9h567aq8mfin5xa41rccldmdy332-vscode-1.51.1/lib/vscode/resources/app/extensions/search-result/dist/extension.js
[2021-01-04 13:55:19.927] [exthost] [info] ExtensionService#_doActivateExtension vscodevim.vim {"startup":true,"extensionId":{"value":"vscodevim.vim","_lower":"vscodevim.vim"},"activationEvent":"*"}
[2021-01-04 13:55:19.927] [exthost] [info] ExtensionService#loadCommonJSModule file:///home/batman/.vscode/extensions/vscodevim.vim-1.18.5/out/extension
[2021-01-04 13:55:19.950] [exthost] [info] ExtensionService#_doActivateExtension vscode.npm {"startup":true,"extensionId":{"value":"vscode.npm","_lower":"vscode.npm"},"activationEvent":"workspaceContains:package.json"}
[2021-01-04 13:55:19.950] [exthost] [info] ExtensionService#loadCommonJSModule file:///nix/store/xj5n9h567aq8mfin5xa41rccldmdy332-vscode-1.51.1/lib/vscode/resources/app/extensions/npm/dist/npmMain
[2021-01-04 13:55:20.093] [exthost] [info] ExtensionService#_doActivateExtension vscode.github {"startup":true,"extensionId":{"value":"vscode.github","_lower":"vscode.github"},"activationEvent":"*"}
[2021-01-04 13:55:20.093] [exthost] [info] ExtensionService#loadCommonJSModule file:///nix/store/xj5n9h567aq8mfin5xa41rccldmdy332-vscode-1.51.1/lib/vscode/resources/app/extensions/github/dist/extension.js
[2021-01-04 13:55:20.101] [exthost] [info] eager extensions activated
[2021-01-04 13:55:20.102] [exthost] [info] ExtensionService#_doActivateExtension ms-vscode.js-debug {"startup":false,"extensionId":{"value":"ms-vscode.js-debug","_lower":"ms-vscode.js-debug"},"activationEvent":"onCommand:extension.js-debug.clearAutoAttachVariables"}
[2021-01-04 13:55:20.102] [exthost] [info] ExtensionService#loadCommonJSModule file:///nix/store/xj5n9h567aq8mfin5xa41rccldmdy332-vscode-1.51.1/lib/vscode/resources/app/extensions/ms-vscode.js-debug/src/extension.js
[2021-01-04 13:55:20.167] [exthost] [info] ExtensionService#_doActivateExtension vscode.github-authentication {"startup":false,"extensionId":{"value":"vscode.github-authentication","_lower":"vscode.github-authentication"},"activationEvent":"onAuthenticationRequest:github"}
[2021-01-04 13:55:20.167] [exthost] [info] ExtensionService#loadCommonJSModule file:///nix/store/xj5n9h567aq8mfin5xa41rccldmdy332-vscode-1.51.1/lib/vscode/resources/app/extensions/github-authentication/dist/extension.js
